\BOOKMARK [0][-]{chapter.1}{\376\377\0001\000\040\000F\000i\000l\000e\000\040\000I\000n\000d\000e\000x}{}% 1
\BOOKMARK [1][-]{section.1.1}{\376\377\0001\000.\0001\000\040\000F\000i\000l\000e\000\040\000L\000i\000s\000t}{chapter.1}% 2
\BOOKMARK [0][-]{chapter.2}{\376\377\0002\000\040\000F\000i\000l\000e\000\040\000D\000o\000c\000u\000m\000e\000n\000t\000a\000t\000i\000o\000n}{}% 3
\BOOKMARK [1][-]{section.2.1}{\376\377\0002\000.\0001\000\040\000D\000:\000/\000K\000P\000I\000/\000p\000i\000c\0003\0002\000/\000T\000h\000e\000C\000o\000n\000n\000e\000c\000t\000e\000d\000M\000C\000U\000\137\000L\000a\000b\000s\000/\000n\000h\000u\000t\000s\000e\000n\000k\000o\000/\000l\000a\000b\0006\000\137\000R\000T\000O\000S\000/\000L\000a\000b\0001\0000\000\137\000A\000d\000v\000\137\000C\000o\000n\000c\000u\000r\000r\000e\000n\000c\000y\000/\000s\000r\000c\000/\000C\000o\000n\000f\000i\000g\000P\000e\000r\000f\000o\000r\000m\000a\000n\000c\000e\000.\000c\000\040\000F\000i\000l\000e\000\040\000R\000e\000f\000e\000r\000e\000n\000c\000e}{chapter.2}% 4
\BOOKMARK [2][-]{subsection.2.1.1}{\376\377\0002\000.\0001\000.\0001\000\040\000M\000a\000c\000r\000o\000\040\000D\000e\000f\000i\000n\000i\000t\000i\000o\000n\000\040\000D\000o\000c\000u\000m\000e\000n\000t\000a\000t\000i\000o\000n}{section.2.1}% 5
\BOOKMARK [3][-]{subsubsection.2.1.1.1}{\376\377\0002\000.\0001\000.\0001\000.\0001\000\040\000h\000w\000U\000N\000L\000O\000C\000K\000\137\000K\000E\000Y\000\137\0000}{subsection.2.1.1}% 6
\BOOKMARK [3][-]{subsubsection.2.1.1.2}{\376\377\0002\000.\0001\000.\0001\000.\0002\000\040\000h\000w\000U\000N\000L\000O\000C\000K\000\137\000K\000E\000Y\000\137\0001}{subsection.2.1.1}% 7
\BOOKMARK [2][-]{subsection.2.1.2}{\376\377\0002\000.\0001\000.\0002\000\040\000F\000u\000n\000c\000t\000i\000o\000n\000\040\000D\000o\000c\000u\000m\000e\000n\000t\000a\000t\000i\000o\000n}{section.2.1}% 8
\BOOKMARK [3][-]{subsubsection.2.1.2.1}{\376\377\0002\000.\0001\000.\0002\000.\0001\000\040\000v\000H\000a\000r\000d\000w\000a\000r\000e\000C\000o\000n\000f\000i\000g\000u\000r\000e\000P\000e\000r\000f\000o\000r\000m\000a\000n\000c\000e\000\050\000\051}{subsection.2.1.2}% 9
\BOOKMARK [3][-]{subsubsection.2.1.2.2}{\376\377\0002\000.\0001\000.\0002\000.\0002\000\040\000v\000H\000a\000r\000d\000w\000a\000r\000e\000U\000s\000e\000M\000u\000l\000t\000i\000V\000e\000c\000t\000o\000r\000e\000d\000I\000n\000t\000e\000r\000r\000u\000p\000t\000s\000\050\000\051}{subsection.2.1.2}% 10
\BOOKMARK [1][-]{section.2.2}{\376\377\0002\000.\0002\000\040\000D\000:\000/\000K\000P\000I\000/\000p\000i\000c\0003\0002\000/\000T\000h\000e\000C\000o\000n\000n\000e\000c\000t\000e\000d\000M\000C\000U\000\137\000L\000a\000b\000s\000/\000n\000h\000u\000t\000s\000e\000n\000k\000o\000/\000l\000a\000b\0006\000\137\000R\000T\000O\000S\000/\000L\000a\000b\0001\0000\000\137\000A\000d\000v\000\137\000C\000o\000n\000c\000u\000r\000r\000e\000n\000c\000y\000/\000s\000r\000c\000/\000C\000o\000n\000f\000i\000g\000P\000e\000r\000f\000o\000r\000m\000a\000n\000c\000e\000.\000h\000\040\000F\000i\000l\000e\000\040\000R\000e\000f\000e\000r\000e\000n\000c\000e}{chapter.2}% 11
\BOOKMARK [2][-]{subsection.2.2.1}{\376\377\0002\000.\0002\000.\0001\000\040\000F\000u\000n\000c\000t\000i\000o\000n\000\040\000D\000o\000c\000u\000m\000e\000n\000t\000a\000t\000i\000o\000n}{section.2.2}% 12
\BOOKMARK [3][-]{subsubsection.2.2.1.1}{\376\377\0002\000.\0002\000.\0001\000.\0001\000\040\000v\000H\000a\000r\000d\000w\000a\000r\000e\000C\000o\000n\000f\000i\000g\000u\000r\000e\000P\000e\000r\000f\000o\000r\000m\000a\000n\000c\000e\000\050\000\051}{subsection.2.2.1}% 13
\BOOKMARK [3][-]{subsubsection.2.2.1.2}{\376\377\0002\000.\0002\000.\0001\000.\0002\000\040\000v\000H\000a\000r\000d\000w\000a\000r\000e\000U\000s\000e\000M\000u\000l\000t\000i\000V\000e\000c\000t\000o\000r\000e\000d\000I\000n\000t\000e\000r\000r\000u\000p\000t\000s\000\050\000\051}{subsection.2.2.1}% 14
\BOOKMARK [1][-]{section.2.3}{\376\377\0002\000.\0003\000\040\000D\000:\000/\000K\000P\000I\000/\000p\000i\000c\0003\0002\000/\000T\000h\000e\000C\000o\000n\000n\000e\000c\000t\000e\000d\000M\000C\000U\000\137\000L\000a\000b\000s\000/\000n\000h\000u\000t\000s\000e\000n\000k\000o\000/\000l\000a\000b\0006\000\137\000R\000T\000O\000S\000/\000L\000a\000b\0001\0000\000\137\000A\000d\000v\000\137\000C\000o\000n\000c\000u\000r\000r\000e\000n\000c\000y\000/\000s\000r\000c\000/\000F\000r\000e\000e\000R\000T\000O\000S\000C\000o\000n\000f\000i\000g\000.\000h\000\040\000F\000i\000l\000e\000\040\000R\000e\000f\000e\000r\000e\000n\000c\000e}{chapter.2}% 15
\BOOKMARK [2][-]{subsection.2.3.1}{\376\377\0002\000.\0003\000.\0001\000\040\000M\000a\000c\000r\000o\000\040\000D\000e\000f\000i\000n\000i\000t\000i\000o\000n\000\040\000D\000o\000c\000u\000m\000e\000n\000t\000a\000t\000i\000o\000n}{section.2.3}% 16
\BOOKMARK [3][-]{subsubsection.2.3.1.1}{\376\377\0002\000.\0003\000.\0001\000.\0001\000\040\000c\000o\000n\000f\000i\000g\000A\000S\000S\000E\000R\000T}{subsection.2.3.1}% 17
\BOOKMARK [3][-]{subsubsection.2.3.1.2}{\376\377\0002\000.\0003\000.\0001\000.\0002\000\040\000c\000o\000n\000f\000i\000g\000C\000H\000E\000C\000K\000\137\000F\000O\000R\000\137\000S\000T\000A\000C\000K\000\137\000O\000V\000E\000R\000F\000L\000O\000W}{subsection.2.3.1}% 18
\BOOKMARK [3][-]{subsubsection.2.3.1.3}{\376\377\0002\000.\0003\000.\0001\000.\0003\000\040\000c\000o\000n\000f\000i\000g\000C\000P\000U\000\137\000C\000L\000O\000C\000K\000\137\000H\000Z}{subsection.2.3.1}% 19
\BOOKMARK [3][-]{subsubsection.2.3.1.4}{\376\377\0002\000.\0003\000.\0001\000.\0004\000\040\000c\000o\000n\000f\000i\000g\000G\000E\000N\000E\000R\000A\000T\000E\000\137\000R\000U\000N\000\137\000T\000I\000M\000E\000\137\000S\000T\000A\000T\000S}{subsection.2.3.1}% 20
\BOOKMARK [3][-]{subsubsection.2.3.1.5}{\376\377\0002\000.\0003\000.\0001\000.\0005\000\040\000c\000o\000n\000f\000i\000g\000I\000D\000L\000E\000\137\000S\000H\000O\000U\000L\000D\000\137\000Y\000I\000E\000L\000D}{subsection.2.3.1}% 21
\BOOKMARK [3][-]{subsubsection.2.3.1.6}{\376\377\0002\000.\0003\000.\0001\000.\0006\000\040\000c\000o\000n\000f\000i\000g\000I\000S\000R\000\137\000S\000T\000A\000C\000K\000\137\000S\000I\000Z\000E}{subsection.2.3.1}% 22
\BOOKMARK [3][-]{subsubsection.2.3.1.7}{\376\377\0002\000.\0003\000.\0001\000.\0007\000\040\000c\000o\000n\000f\000i\000g\000K\000E\000R\000N\000E\000L\000\137\000I\000N\000T\000E\000R\000R\000U\000P\000T\000\137\000P\000R\000I\000O\000R\000I\000T\000Y}{subsection.2.3.1}% 23
\BOOKMARK [3][-]{subsubsection.2.3.1.8}{\376\377\0002\000.\0003\000.\0001\000.\0008\000\040\000c\000o\000n\000f\000i\000g\000M\000A\000X\000\137\000C\000O\000\137\000R\000O\000U\000T\000I\000N\000E\000\137\000P\000R\000I\000O\000R\000I\000T\000I\000E\000S}{subsection.2.3.1}% 24
\BOOKMARK [3][-]{subsubsection.2.3.1.9}{\376\377\0002\000.\0003\000.\0001\000.\0009\000\040\000c\000o\000n\000f\000i\000g\000M\000A\000X\000\137\000P\000R\000I\000O\000R\000I\000T\000I\000E\000S}{subsection.2.3.1}% 25
\BOOKMARK [3][-]{subsubsection.2.3.1.10}{\376\377\0002\000.\0003\000.\0001\000.\0001\0000\000\040\000c\000o\000n\000f\000i\000g\000M\000A\000X\000\137\000S\000Y\000S\000C\000A\000L\000L\000\137\000I\000N\000T\000E\000R\000R\000U\000P\000T\000\137\000P\000R\000I\000O\000R\000I\000T\000Y}{subsection.2.3.1}% 26
\BOOKMARK [3][-]{subsubsection.2.3.1.11}{\376\377\0002\000.\0003\000.\0001\000.\0001\0001\000\040\000c\000o\000n\000f\000i\000g\000M\000A\000X\000\137\000T\000A\000S\000K\000\137\000N\000A\000M\000E\000\137\000L\000E\000N}{subsection.2.3.1}% 27
\BOOKMARK [3][-]{subsubsection.2.3.1.12}{\376\377\0002\000.\0003\000.\0001\000.\0001\0002\000\040\000c\000o\000n\000f\000i\000g\000M\000I\000N\000I\000M\000A\000L\000\137\000S\000T\000A\000C\000K\000\137\000S\000I\000Z\000E}{subsection.2.3.1}% 28
\BOOKMARK [3][-]{subsubsection.2.3.1.13}{\376\377\0002\000.\0003\000.\0001\000.\0001\0003\000\040\000c\000o\000n\000f\000i\000g\000P\000E\000R\000I\000P\000H\000E\000R\000A\000L\000\137\000C\000L\000O\000C\000K\000\137\000H\000Z}{subsection.2.3.1}% 29
\BOOKMARK [3][-]{subsubsection.2.3.1.14}{\376\377\0002\000.\0003\000.\0001\000.\0001\0004\000\040\000c\000o\000n\000f\000i\000g\000Q\000U\000E\000U\000E\000\137\000R\000E\000G\000I\000S\000T\000R\000Y\000\137\000S\000I\000Z\000E}{subsection.2.3.1}% 30
\BOOKMARK [3][-]{subsubsection.2.3.1.15}{\376\377\0002\000.\0003\000.\0001\000.\0001\0005\000\040\000c\000o\000n\000f\000i\000g\000T\000I\000C\000K\000\137\000R\000A\000T\000E\000\137\000H\000Z}{subsection.2.3.1}% 31
\BOOKMARK [3][-]{subsubsection.2.3.1.16}{\376\377\0002\000.\0003\000.\0001\000.\0001\0006\000\040\000c\000o\000n\000f\000i\000g\000T\000I\000M\000E\000R\000\137\000Q\000U\000E\000U\000E\000\137\000L\000E\000N\000G\000T\000H}{subsection.2.3.1}% 32
\BOOKMARK [3][-]{subsubsection.2.3.1.17}{\376\377\0002\000.\0003\000.\0001\000.\0001\0007\000\040\000c\000o\000n\000f\000i\000g\000T\000I\000M\000E\000R\000\137\000T\000A\000S\000K\000\137\000P\000R\000I\000O\000R\000I\000T\000Y}{subsection.2.3.1}% 33
\BOOKMARK [3][-]{subsubsection.2.3.1.18}{\376\377\0002\000.\0003\000.\0001\000.\0001\0008\000\040\000c\000o\000n\000f\000i\000g\000T\000I\000M\000E\000R\000\137\000T\000A\000S\000K\000\137\000S\000T\000A\000C\000K\000\137\000D\000E\000P\000T\000H}{subsection.2.3.1}% 34
\BOOKMARK [3][-]{subsubsection.2.3.1.19}{\376\377\0002\000.\0003\000.\0001\000.\0001\0009\000\040\000c\000o\000n\000f\000i\000g\000T\000O\000T\000A\000L\000\137\000H\000E\000A\000P\000\137\000S\000I\000Z\000E}{subsection.2.3.1}% 35
\BOOKMARK [3][-]{subsubsection.2.3.1.20}{\376\377\0002\000.\0003\000.\0001\000.\0002\0000\000\040\000c\000o\000n\000f\000i\000g\000U\000S\000E\000\137\0001\0006\000\137\000B\000I\000T\000\137\000T\000I\000C\000K\000S}{subsection.2.3.1}% 36
\BOOKMARK [3][-]{subsubsection.2.3.1.21}{\376\377\0002\000.\0003\000.\0001\000.\0002\0001\000\040\000c\000o\000n\000f\000i\000g\000U\000S\000E\000\137\000A\000P\000P\000L\000I\000C\000A\000T\000I\000O\000N\000\137\000T\000A\000S\000K\000\137\000T\000A\000G}{subsection.2.3.1}% 37
\BOOKMARK [3][-]{subsubsection.2.3.1.22}{\376\377\0002\000.\0003\000.\0001\000.\0002\0002\000\040\000c\000o\000n\000f\000i\000g\000U\000S\000E\000\137\000C\000O\000\137\000R\000O\000U\000T\000I\000N\000E\000S}{subsection.2.3.1}% 38
\BOOKMARK [3][-]{subsubsection.2.3.1.23}{\376\377\0002\000.\0003\000.\0001\000.\0002\0003\000\040\000c\000o\000n\000f\000i\000g\000U\000S\000E\000\137\000C\000O\000U\000N\000T\000I\000N\000G\000\137\000S\000E\000M\000A\000P\000H\000O\000R\000E\000S}{subsection.2.3.1}% 39
\BOOKMARK [3][-]{subsubsection.2.3.1.24}{\376\377\0002\000.\0003\000.\0001\000.\0002\0004\000\040\000c\000o\000n\000f\000i\000g\000U\000S\000E\000\137\000I\000D\000L\000E\000\137\000H\000O\000O\000K}{subsection.2.3.1}% 40
\BOOKMARK [3][-]{subsubsection.2.3.1.25}{\376\377\0002\000.\0003\000.\0001\000.\0002\0005\000\040\000c\000o\000n\000f\000i\000g\000U\000S\000E\000\137\000M\000A\000L\000L\000O\000C\000\137\000F\000A\000I\000L\000E\000D\000\137\000H\000O\000O\000K}{subsection.2.3.1}% 41
\BOOKMARK [3][-]{subsubsection.2.3.1.26}{\376\377\0002\000.\0003\000.\0001\000.\0002\0006\000\040\000c\000o\000n\000f\000i\000g\000U\000S\000E\000\137\000M\000U\000T\000E\000X\000E\000S}{subsection.2.3.1}% 42
\BOOKMARK [3][-]{subsubsection.2.3.1.27}{\376\377\0002\000.\0003\000.\0001\000.\0002\0007\000\040\000c\000o\000n\000f\000i\000g\000U\000S\000E\000\137\000P\000O\000R\000T\000\137\000O\000P\000T\000I\000M\000I\000S\000E\000D\000\137\000T\000A\000S\000K\000\137\000S\000E\000L\000E\000C\000T\000I\000O\000N}{subsection.2.3.1}% 43
\BOOKMARK [3][-]{subsubsection.2.3.1.28}{\376\377\0002\000.\0003\000.\0001\000.\0002\0008\000\040\000c\000o\000n\000f\000i\000g\000U\000S\000E\000\137\000P\000R\000E\000E\000M\000P\000T\000I\000O\000N}{subsection.2.3.1}% 44
\BOOKMARK [3][-]{subsubsection.2.3.1.29}{\376\377\0002\000.\0003\000.\0001\000.\0002\0009\000\040\000c\000o\000n\000f\000i\000g\000U\000S\000E\000\137\000Q\000U\000E\000U\000E\000\137\000S\000E\000T\000S}{subsection.2.3.1}% 45
\BOOKMARK [3][-]{subsubsection.2.3.1.30}{\376\377\0002\000.\0003\000.\0001\000.\0003\0000\000\040\000c\000o\000n\000f\000i\000g\000U\000S\000E\000\137\000R\000E\000C\000U\000R\000S\000I\000V\000E\000\137\000M\000U\000T\000E\000X\000E\000S}{subsection.2.3.1}% 46
\BOOKMARK [3][-]{subsubsection.2.3.1.31}{\376\377\0002\000.\0003\000.\0001\000.\0003\0001\000\040\000c\000o\000n\000f\000i\000g\000U\000S\000E\000\137\000T\000I\000C\000K\000\137\000H\000O\000O\000K}{subsection.2.3.1}% 47
\BOOKMARK [3][-]{subsubsection.2.3.1.32}{\376\377\0002\000.\0003\000.\0001\000.\0003\0002\000\040\000c\000o\000n\000f\000i\000g\000U\000S\000E\000\137\000T\000I\000M\000E\000R\000S}{subsection.2.3.1}% 48
\BOOKMARK [3][-]{subsubsection.2.3.1.33}{\376\377\0002\000.\0003\000.\0001\000.\0003\0003\000\040\000c\000o\000n\000f\000i\000g\000U\000S\000E\000\137\000T\000R\000A\000C\000E\000\137\000F\000A\000C\000I\000L\000I\000T\000Y}{subsection.2.3.1}% 49
\BOOKMARK [3][-]{subsubsection.2.3.1.34}{\376\377\0002\000.\0003\000.\0001\000.\0003\0004\000\040\000I\000N\000C\000L\000U\000D\000E\000\137\000e\000T\000a\000s\000k\000G\000e\000t\000S\000t\000a\000t\000e}{subsection.2.3.1}% 50
\BOOKMARK [3][-]{subsubsection.2.3.1.35}{\376\377\0002\000.\0003\000.\0001\000.\0003\0005\000\040\000I\000N\000C\000L\000U\000D\000E\000\137\000u\000x\000T\000a\000s\000k\000G\000e\000t\000S\000t\000a\000c\000k\000H\000i\000g\000h\000W\000a\000t\000e\000r\000M\000a\000r\000k}{subsection.2.3.1}% 51
\BOOKMARK [3][-]{subsubsection.2.3.1.36}{\376\377\0002\000.\0003\000.\0001\000.\0003\0006\000\040\000I\000N\000C\000L\000U\000D\000E\000\137\000u\000x\000T\000a\000s\000k\000P\000r\000i\000o\000r\000i\000t\000y\000G\000e\000t}{subsection.2.3.1}% 52
\BOOKMARK [3][-]{subsubsection.2.3.1.37}{\376\377\0002\000.\0003\000.\0001\000.\0003\0007\000\040\000I\000N\000C\000L\000U\000D\000E\000\137\000v\000T\000a\000s\000k\000C\000l\000e\000a\000n\000U\000p\000R\000e\000s\000o\000u\000r\000c\000e\000s}{subsection.2.3.1}% 53
\BOOKMARK [3][-]{subsubsection.2.3.1.38}{\376\377\0002\000.\0003\000.\0001\000.\0003\0008\000\040\000I\000N\000C\000L\000U\000D\000E\000\137\000v\000T\000a\000s\000k\000D\000e\000l\000a\000y}{subsection.2.3.1}% 54
\BOOKMARK [3][-]{subsubsection.2.3.1.39}{\376\377\0002\000.\0003\000.\0001\000.\0003\0009\000\040\000I\000N\000C\000L\000U\000D\000E\000\137\000v\000T\000a\000s\000k\000D\000e\000l\000a\000y\000U\000n\000t\000i\000l}{subsection.2.3.1}% 55
\BOOKMARK [3][-]{subsubsection.2.3.1.40}{\376\377\0002\000.\0003\000.\0001\000.\0004\0000\000\040\000I\000N\000C\000L\000U\000D\000E\000\137\000v\000T\000a\000s\000k\000D\000e\000l\000e\000t\000e}{subsection.2.3.1}% 56
\BOOKMARK [3][-]{subsubsection.2.3.1.41}{\376\377\0002\000.\0003\000.\0001\000.\0004\0001\000\040\000I\000N\000C\000L\000U\000D\000E\000\137\000v\000T\000a\000s\000k\000P\000r\000i\000o\000r\000i\000t\000y\000S\000e\000t}{subsection.2.3.1}% 57
\BOOKMARK [3][-]{subsubsection.2.3.1.42}{\376\377\0002\000.\0003\000.\0001\000.\0004\0002\000\040\000I\000N\000C\000L\000U\000D\000E\000\137\000v\000T\000a\000s\000k\000S\000u\000s\000p\000e\000n\000d}{subsection.2.3.1}% 58
\BOOKMARK [3][-]{subsubsection.2.3.1.43}{\376\377\0002\000.\0003\000.\0001\000.\0004\0003\000\040\000I\000N\000C\000L\000U\000D\000E\000\137\000x\000T\000i\000m\000e\000r\000P\000e\000n\000d\000F\000u\000n\000c\000t\000i\000o\000n\000C\000a\000l\000l}{subsection.2.3.1}% 59
\BOOKMARK [2][-]{subsection.2.3.2}{\376\377\0002\000.\0003\000.\0002\000\040\000F\000u\000n\000c\000t\000i\000o\000n\000\040\000D\000o\000c\000u\000m\000e\000n\000t\000a\000t\000i\000o\000n}{section.2.3}% 60
\BOOKMARK [3][-]{subsubsection.2.3.2.1}{\376\377\0002\000.\0003\000.\0002\000.\0001\000\040\000v\000A\000s\000s\000e\000r\000t\000C\000a\000l\000l\000e\000d\000\050\000\051}{subsection.2.3.2}% 61
\BOOKMARK [1][-]{section.2.4}{\376\377\0002\000.\0004\000\040\000D\000:\000/\000K\000P\000I\000/\000p\000i\000c\0003\0002\000/\000T\000h\000e\000C\000o\000n\000n\000e\000c\000t\000e\000d\000M\000C\000U\000\137\000L\000a\000b\000s\000/\000n\000h\000u\000t\000s\000e\000n\000k\000o\000/\000l\000a\000b\0006\000\137\000R\000T\000O\000S\000/\000L\000a\000b\0001\0000\000\137\000A\000d\000v\000\137\000C\000o\000n\000c\000u\000r\000r\000e\000n\000c\000y\000/\000s\000r\000c\000/\000m\000a\000i\000n\000.\000c\000\040\000F\000i\000l\000e\000\040\000R\000e\000f\000e\000r\000e\000n\000c\000e}{chapter.2}% 62
\BOOKMARK [2][-]{subsection.2.4.1}{\376\377\0002\000.\0004\000.\0001\000\040\000F\000u\000n\000c\000t\000i\000o\000n\000\040\000D\000o\000c\000u\000m\000e\000n\000t\000a\000t\000i\000o\000n}{section.2.4}% 63
\BOOKMARK [3][-]{subsubsection.2.4.1.1}{\376\377\0002\000.\0004\000.\0001\000.\0001\000\040\000\137\000g\000e\000n\000e\000r\000a\000l\000\137\000e\000x\000c\000e\000p\000t\000i\000o\000n\000\137\000h\000a\000n\000d\000l\000e\000r\000\050\000\051}{subsection.2.4.1}% 64
\BOOKMARK [3][-]{subsubsection.2.4.1.2}{\376\377\0002\000.\0004\000.\0001\000.\0002\000\040\000m\000a\000i\000n\000\050\000\051}{subsection.2.4.1}% 65
\BOOKMARK [3][-]{subsubsection.2.4.1.3}{\376\377\0002\000.\0004\000.\0001\000.\0003\000\040\000v\000A\000p\000p\000l\000i\000c\000a\000t\000i\000o\000n\000S\000t\000a\000c\000k\000O\000v\000e\000r\000f\000l\000o\000w\000H\000o\000o\000k\000\050\000\051}{subsection.2.4.1}% 66
\BOOKMARK [3][-]{subsubsection.2.4.1.4}{\376\377\0002\000.\0004\000.\0001\000.\0004\000\040\000v\000A\000p\000p\000l\000i\000c\000a\000t\000i\000o\000n\000T\000i\000c\000k\000H\000o\000o\000k\000\050\000\051}{subsection.2.4.1}% 67
\BOOKMARK [3][-]{subsubsection.2.4.1.5}{\376\377\0002\000.\0004\000.\0001\000.\0005\000\040\000v\000A\000s\000s\000e\000r\000t\000C\000a\000l\000l\000e\000d\000\050\000\051}{subsection.2.4.1}% 68
\BOOKMARK [1][-]{section.2.5}{\376\377\0002\000.\0005\000\040\000D\000:\000/\000K\000P\000I\000/\000p\000i\000c\0003\0002\000/\000T\000h\000e\000C\000o\000n\000n\000e\000c\000t\000e\000d\000M\000C\000U\000\137\000L\000a\000b\000s\000/\000n\000h\000u\000t\000s\000e\000n\000k\000o\000/\000l\000a\000b\0006\000\137\000R\000T\000O\000S\000/\000L\000a\000b\0001\0000\000\137\000A\000d\000v\000\137\000C\000o\000n\000c\000u\000r\000r\000e\000n\000c\000y\000/\000s\000r\000c\000/\000U\000A\000R\000T\000.\000c\000\040\000F\000i\000l\000e\000\040\000R\000e\000f\000e\000r\000e\000n\000c\000e}{chapter.2}% 69
\BOOKMARK [2][-]{subsection.2.5.1}{\376\377\0002\000.\0005\000.\0001\000\040\000F\000u\000n\000c\000t\000i\000o\000n\000\040\000D\000o\000c\000u\000m\000e\000n\000t\000a\000t\000i\000o\000n}{section.2.5}% 70
\BOOKMARK [3][-]{subsubsection.2.5.1.1}{\376\377\0002\000.\0005\000.\0001\000.\0001\000\040\000U\000A\000R\000T\0004\000\137\000i\000n\000i\000t\000\050\000\051}{subsection.2.5.1}% 71
\BOOKMARK [3][-]{subsubsection.2.5.1.2}{\376\377\0002\000.\0005\000.\0001\000.\0002\000\040\000U\000A\000R\000T\0004\000\137\000p\000u\000t\000c\000\050\000\051}{subsection.2.5.1}% 72
\BOOKMARK [3][-]{subsubsection.2.5.1.3}{\376\377\0002\000.\0005\000.\0001\000.\0003\000\040\000U\000A\000R\000T\0004\000\137\000p\000u\000t\000s\000\050\000\051}{subsection.2.5.1}% 73
\BOOKMARK [1][-]{section.2.6}{\376\377\0002\000.\0006\000\040\000D\000:\000/\000K\000P\000I\000/\000p\000i\000c\0003\0002\000/\000T\000h\000e\000C\000o\000n\000n\000e\000c\000t\000e\000d\000M\000C\000U\000\137\000L\000a\000b\000s\000/\000n\000h\000u\000t\000s\000e\000n\000k\000o\000/\000l\000a\000b\0006\000\137\000R\000T\000O\000S\000/\000L\000a\000b\0001\0000\000\137\000A\000d\000v\000\137\000C\000o\000n\000c\000u\000r\000r\000e\000n\000c\000y\000/\000s\000r\000c\000/\000U\000A\000R\000T\000.\000h\000\040\000F\000i\000l\000e\000\040\000R\000e\000f\000e\000r\000e\000n\000c\000e}{chapter.2}% 74
\BOOKMARK [2][-]{subsection.2.6.1}{\376\377\0002\000.\0006\000.\0001\000\040\000F\000u\000n\000c\000t\000i\000o\000n\000\040\000D\000o\000c\000u\000m\000e\000n\000t\000a\000t\000i\000o\000n}{section.2.6}% 75
\BOOKMARK [3][-]{subsubsection.2.6.1.1}{\376\377\0002\000.\0006\000.\0001\000.\0001\000\040\000U\000A\000R\000T\0004\000\137\000i\000n\000i\000t\000\050\000\051}{subsection.2.6.1}% 76
\BOOKMARK [3][-]{subsubsection.2.6.1.2}{\376\377\0002\000.\0006\000.\0001\000.\0002\000\040\000U\000A\000R\000T\0004\000\137\000p\000u\000t\000c\000\050\000\051}{subsection.2.6.1}% 77
\BOOKMARK [3][-]{subsubsection.2.6.1.3}{\376\377\0002\000.\0006\000.\0001\000.\0003\000\040\000U\000A\000R\000T\0004\000\137\000p\000u\000t\000s\000\050\000\051}{subsection.2.6.1}% 78
\BOOKMARK [1][-]{section.2.7}{\376\377\0002\000.\0007\000\040\000D\000:\000/\000K\000P\000I\000/\000p\000i\000c\0003\0002\000/\000T\000h\000e\000C\000o\000n\000n\000e\000c\000t\000e\000d\000M\000C\000U\000\137\000L\000a\000b\000s\000/\000n\000h\000u\000t\000s\000e\000n\000k\000o\000/\000l\000a\000b\0006\000\137\000R\000T\000O\000S\000/\000L\000a\000b\0001\0000\000\137\000A\000d\000v\000\137\000C\000o\000n\000c\000u\000r\000r\000e\000n\000c\000y\000/\000s\000r\000c\000/\000u\000s\000e\000r\000.\000c\000\040\000F\000i\000l\000e\000\040\000R\000e\000f\000e\000r\000e\000n\000c\000e}{chapter.2}% 79
\BOOKMARK [2][-]{subsection.2.7.1}{\376\377\0002\000.\0007\000.\0001\000\040\000M\000a\000c\000r\000o\000\040\000D\000e\000f\000i\000n\000i\000t\000i\000o\000n\000\040\000D\000o\000c\000u\000m\000e\000n\000t\000a\000t\000i\000o\000n}{section.2.7}% 80
\BOOKMARK [3][-]{subsubsection.2.7.1.1}{\376\377\0002\000.\0007\000.\0001\000.\0001\000\040\000N\000E\000L\000E\000M\000S}{subsection.2.7.1}% 81
\BOOKMARK [2][-]{subsection.2.7.2}{\376\377\0002\000.\0007\000.\0002\000\040\000F\000u\000n\000c\000t\000i\000o\000n\000\040\000D\000o\000c\000u\000m\000e\000n\000t\000a\000t\000i\000o\000n}{section.2.7}% 82
\BOOKMARK [3][-]{subsubsection.2.7.2.1}{\376\377\0002\000.\0007\000.\0002\000.\0001\000\040\000D\000e\000l\000a\000y\000M\000s\000\050\000\051}{subsection.2.7.2}% 83
\BOOKMARK [3][-]{subsubsection.2.7.2.2}{\376\377\0002\000.\0007\000.\0002\000.\0002\000\040\000I\000n\000i\000t\000A\000p\000p\000\050\000\051}{subsection.2.7.2}% 84
\BOOKMARK [3][-]{subsubsection.2.7.2.3}{\376\377\0002\000.\0007\000.\0002\000.\0003\000\040\000I\000n\000i\000t\000G\000P\000I\000O\000\050\000\051}{subsection.2.7.2}% 85
\BOOKMARK [3][-]{subsubsection.2.7.2.4}{\376\377\0002\000.\0007\000.\0002\000.\0004\000\040\000S\000e\000t\000N\000u\000m\000\050\000\051}{subsection.2.7.2}% 86
\BOOKMARK [3][-]{subsubsection.2.7.2.5}{\376\377\0002\000.\0007\000.\0002\000.\0005\000\040\000T\000a\000s\000k\0001\000\050\000\051}{subsection.2.7.2}% 87
\BOOKMARK [3][-]{subsubsection.2.7.2.6}{\376\377\0002\000.\0007\000.\0002\000.\0006\000\040\000T\000a\000s\000k\0002\000\050\000\051}{subsection.2.7.2}% 88
\BOOKMARK [2][-]{subsection.2.7.3}{\376\377\0002\000.\0007\000.\0003\000\040\000V\000a\000r\000i\000a\000b\000l\000e\000\040\000D\000o\000c\000u\000m\000e\000n\000t\000a\000t\000i\000o\000n}{section.2.7}% 89
\BOOKMARK [3][-]{subsubsection.2.7.3.1}{\376\377\0002\000.\0007\000.\0003\000.\0001\000\040\000b\000u\000l\000l\000s}{subsection.2.7.3}% 90
\BOOKMARK [3][-]{subsubsection.2.7.3.2}{\376\377\0002\000.\0007\000.\0003\000.\0002\000\040\000c\000o\000w\000s}{subsection.2.7.3}% 91
\BOOKMARK [3][-]{subsubsection.2.7.3.3}{\376\377\0002\000.\0007\000.\0003\000.\0003\000\040\000g\000a\000m\000e\000E\000n\000d}{subsection.2.7.3}% 92
\BOOKMARK [3][-]{subsubsection.2.7.3.4}{\376\377\0002\000.\0007\000.\0003\000.\0004\000\040\000i}{subsection.2.7.3}% 93
\BOOKMARK [3][-]{subsubsection.2.7.3.5}{\376\377\0002\000.\0007\000.\0003\000.\0005\000\040\000j}{subsection.2.7.3}% 94
\BOOKMARK [3][-]{subsubsection.2.7.3.6}{\376\377\0002\000.\0007\000.\0003\000.\0006\000\040\000m\000y\000\137\000m\000a\000s\000s}{subsection.2.7.3}% 95
\BOOKMARK [3][-]{subsubsection.2.7.3.7}{\376\377\0002\000.\0007\000.\0003\000.\0007\000\040\000n\000u\000m}{subsection.2.7.3}% 96
\BOOKMARK [3][-]{subsubsection.2.7.3.8}{\376\377\0002\000.\0007\000.\0003\000.\0008\000\040\000r\000a\000n\000d\000o\000m\000\137\000m\000a\000s\000s}{subsection.2.7.3}% 97
\BOOKMARK [1][-]{section.2.8}{\376\377\0002\000.\0008\000\040\000D\000:\000/\000K\000P\000I\000/\000p\000i\000c\0003\0002\000/\000T\000h\000e\000C\000o\000n\000n\000e\000c\000t\000e\000d\000M\000C\000U\000\137\000L\000a\000b\000s\000/\000n\000h\000u\000t\000s\000e\000n\000k\000o\000/\000l\000a\000b\0006\000\137\000R\000T\000O\000S\000/\000L\000a\000b\0001\0000\000\137\000A\000d\000v\000\137\000C\000o\000n\000c\000u\000r\000r\000e\000n\000c\000y\000/\000s\000r\000c\000/\000u\000s\000e\000r\000.\000h\000\040\000F\000i\000l\000e\000\040\000R\000e\000f\000e\000r\000e\000n\000c\000e}{chapter.2}% 98
\BOOKMARK [2][-]{subsection.2.8.1}{\376\377\0002\000.\0008\000.\0001\000\040\000M\000a\000c\000r\000o\000\040\000D\000e\000f\000i\000n\000i\000t\000i\000o\000n\000\040\000D\000o\000c\000u\000m\000e\000n\000t\000a\000t\000i\000o\000n}{section.2.8}% 99
\BOOKMARK [3][-]{subsubsection.2.8.1.1}{\376\377\0002\000.\0008\000.\0001\000.\0001\000\040\000B\000I\000O\000S\000\137\000B\000T\000N\0001\000\137\000P\000O\000R\000T\000\137\000B\000I\000T}{subsection.2.8.1}% 100
\BOOKMARK [3][-]{subsubsection.2.8.1.2}{\376\377\0002\000.\0008\000.\0001\000.\0002\000\040\000B\000I\000O\000S\000\137\000B\000T\000N\0002\000\137\000P\000O\000R\000T\000\137\000B\000I\000T}{subsection.2.8.1}% 101
\BOOKMARK [3][-]{subsubsection.2.8.1.3}{\376\377\0002\000.\0008\000.\0001\000.\0003\000\040\000B\000I\000O\000S\000\137\000B\000T\000N\0003\000\137\000P\000O\000R\000T\000\137\000B\000I\000T}{subsection.2.8.1}% 102
\BOOKMARK [3][-]{subsubsection.2.8.1.4}{\376\377\0002\000.\0008\000.\0001\000.\0004\000\040\000B\000I\000O\000S\000\137\000B\000T\000N\0004\000\137\000P\000O\000R\000T\000\137\000B\000I\000T}{subsection.2.8.1}% 103
\BOOKMARK [3][-]{subsubsection.2.8.1.5}{\376\377\0002\000.\0008\000.\0001\000.\0005\000\040\000B\000I\000O\000S\000\137\000L\000D\0001\000\137\000P\000O\000R\000T\000\137\000B\000I\000T}{subsection.2.8.1}% 104
\BOOKMARK [3][-]{subsubsection.2.8.1.6}{\376\377\0002\000.\0008\000.\0001\000.\0006\000\040\000B\000I\000O\000S\000\137\000L\000D\0002\000\137\000P\000O\000R\000T\000\137\000B\000I\000T}{subsection.2.8.1}% 105
\BOOKMARK [3][-]{subsubsection.2.8.1.7}{\376\377\0002\000.\0008\000.\0001\000.\0007\000\040\000B\000I\000O\000S\000\137\000L\000D\0003\000\137\000P\000O\000R\000T\000\137\000B\000I\000T}{subsection.2.8.1}% 106
\BOOKMARK [3][-]{subsubsection.2.8.1.8}{\376\377\0002\000.\0008\000.\0001\000.\0008\000\040\000B\000I\000O\000S\000\137\000L\000D\0004\000\137\000P\000O\000R\000T\000\137\000B\000I\000T}{subsection.2.8.1}% 107
\BOOKMARK [3][-]{subsubsection.2.8.1.9}{\376\377\0002\000.\0008\000.\0001\000.\0009\000\040\000B\000I\000O\000S\000\137\000L\000D\0005\000\137\000P\000O\000R\000T\000\137\000B\000I\000T}{subsection.2.8.1}% 108
\BOOKMARK [3][-]{subsubsection.2.8.1.10}{\376\377\0002\000.\0008\000.\0001\000.\0001\0000\000\040\000B\000I\000O\000S\000\137\000L\000D\0006\000\137\000P\000O\000R\000T\000\137\000B\000I\000T}{subsection.2.8.1}% 109
\BOOKMARK [3][-]{subsubsection.2.8.1.11}{\376\377\0002\000.\0008\000.\0001\000.\0001\0001\000\040\000B\000I\000O\000S\000\137\000L\000D\0007\000\137\000P\000O\000R\000T\000\137\000B\000I\000T}{subsection.2.8.1}% 110
\BOOKMARK [3][-]{subsubsection.2.8.1.12}{\376\377\0002\000.\0008\000.\0001\000.\0001\0002\000\040\000B\000I\000O\000S\000\137\000L\000D\0008\000\137\000P\000O\000R\000T\000\137\000B\000I\000T}{subsection.2.8.1}% 111
\BOOKMARK [3][-]{subsubsection.2.8.1.13}{\376\377\0002\000.\0008\000.\0001\000.\0001\0003\000\040\000B\000T\000N\0001\000\137\000P\000O\000R\000T\000\137\000B\000I\000T}{subsection.2.8.1}% 112
\BOOKMARK [3][-]{subsubsection.2.8.1.14}{\376\377\0002\000.\0008\000.\0001\000.\0001\0004\000\040\000B\000T\000N\0002\000\137\000P\000O\000R\000T\000\137\000B\000I\000T}{subsection.2.8.1}% 113
\BOOKMARK [3][-]{subsubsection.2.8.1.15}{\376\377\0002\000.\0008\000.\0001\000.\0001\0005\000\040\000B\000T\000N\0003\000\137\000P\000O\000R\000T\000\137\000B\000I\000T}{subsection.2.8.1}% 114
\BOOKMARK [2][-]{subsection.2.8.2}{\376\377\0002\000.\0008\000.\0002\000\040\000F\000u\000n\000c\000t\000i\000o\000n\000\040\000D\000o\000c\000u\000m\000e\000n\000t\000a\000t\000i\000o\000n}{section.2.8}% 115
\BOOKMARK [3][-]{subsubsection.2.8.2.1}{\376\377\0002\000.\0008\000.\0002\000.\0001\000\040\000D\000e\000l\000a\000y\000M\000s\000\050\000\051}{subsection.2.8.2}% 116
\BOOKMARK [3][-]{subsubsection.2.8.2.2}{\376\377\0002\000.\0008\000.\0002\000.\0002\000\040\000I\000n\000i\000t\000A\000p\000p\000\050\000\051}{subsection.2.8.2}% 117
\BOOKMARK [3][-]{subsubsection.2.8.2.3}{\376\377\0002\000.\0008\000.\0002\000.\0003\000\040\000T\000a\000s\000k\0001\000\050\000\051}{subsection.2.8.2}% 118
\BOOKMARK [3][-]{subsubsection.2.8.2.4}{\376\377\0002\000.\0008\000.\0002\000.\0004\000\040\000T\000a\000s\000k\0002\000\050\000\051}{subsection.2.8.2}% 119
\BOOKMARK [2][-]{subsection.2.8.3}{\376\377\0002\000.\0008\000.\0003\000\040\000V\000a\000r\000i\000a\000b\000l\000e\000\040\000D\000o\000c\000u\000m\000e\000n\000t\000a\000t\000i\000o\000n}{section.2.8}% 120
\BOOKMARK [3][-]{subsubsection.2.8.3.1}{\376\377\0002\000.\0008\000.\0003\000.\0001\000\040\000x\000M\000u\000t\000e\000x}{subsection.2.8.3}% 121
\BOOKMARK [0][-]{section*.16}{\376\377\000I\000n\000d\000e\000x}{}% 122
